<?xml version="1.0" encoding="UTF-8"?>
<testng-results skipped="0" failed="0" ignored="3" total="4" passed="1">
  <reporter-output>
  </reporter-output>
  <suite name="TestNG" duration-ms="97021" started-at="2021-04-16T03:21:47Z" finished-at="2021-04-16T03:23:24Z">
    <groups>
    </groups>
    <test name="QAAssessment" duration-ms="97021" started-at="2021-04-16T03:21:47Z" finished-at="2021-04-16T03:23:24Z">
      <class name="Test.Tests">
        <test-method status="PASS" signature="beforeSuite()[pri:0, instance:Test.Tests@97e1986]" name="beforeSuite" is-config="true" duration-ms="153" started-at="2021-04-16T03:21:47Z" finished-at="2021-04-16T03:21:47Z">
          <reporter-output>
          </reporter-output>
        </test-method> <!-- beforeSuite -->
        <test-method status="PASS" signature="Setup()[pri:0, instance:Test.Tests@97e1986]" name="Setup" is-config="true" duration-ms="2365" started-at="2021-04-16T03:21:47Z" finished-at="2021-04-16T03:21:49Z">
          <reporter-output>
          </reporter-output>
        </test-method> <!-- Setup -->
        <test-method status="PASS" signature="beforeMethod(java.lang.reflect.Method)[pri:0, instance:Test.Tests@97e1986]" name="beforeMethod" is-config="true" duration-ms="10" started-at="2021-04-16T03:21:49Z" finished-at="2021-04-16T03:21:49Z">
          <params>
            <param index="0">
              <value>
                <![CDATA[public void Test.Tests.VerifyTitle()]]>
              </value>
            </param>
          </params>
          <reporter-output>
          </reporter-output>
        </test-method> <!-- beforeMethod -->
        <test-method status="PASS" signature="VerifyTitle()[pri:0, instance:Test.Tests@97e1986]" name="VerifyTitle" duration-ms="93474" started-at="2021-04-16T03:21:49Z" finished-at="2021-04-16T03:23:23Z">
          <reporter-output>
          </reporter-output>
        </test-method> <!-- VerifyTitle -->
        <test-method status="PASS" signature="tearDown(org.testng.ITestResult)[pri:0, instance:Test.Tests@97e1986]" name="tearDown" is-config="true" duration-ms="0" started-at="2021-04-16T03:23:23Z" finished-at="2021-04-16T03:23:23Z">
          <params>
            <param index="0">
              <value>
                <![CDATA[[TestResult name=VerifyTitle status=SUCCESS method=Tests.VerifyTitle()[pri:0, instance:Test.Tests@97e1986] output={null}]]]>
              </value>
            </param>
          </params>
          <reporter-output>
          </reporter-output>
        </test-method> <!-- tearDown -->
        <test-method status="PASS" signature="AfterClass()[pri:0, instance:Test.Tests@97e1986]" name="AfterClass" is-config="true" duration-ms="1157" started-at="2021-04-16T03:23:23Z" finished-at="2021-04-16T03:23:24Z">
          <reporter-output>
          </reporter-output>
        </test-method> <!-- AfterClass -->
        <test-method status="PASS" signature="afterSuite()[pri:0, instance:Test.Tests@97e1986]" name="afterSuite" is-config="true" duration-ms="297" started-at="2021-04-16T03:23:24Z" finished-at="2021-04-16T03:23:24Z">
          <reporter-output>
          </reporter-output>
        </test-method> <!-- afterSuite -->
      </class> <!-- Test.Tests -->
    </test> <!-- QAAssessment -->
  </suite> <!-- TestNG -->
</testng-results>
