<?xml version="1.0" encoding="UTF-8"?>
<!-- Generated by org.testng.reporters.JUnitXMLReporter -->
<testsuite hostname="DESKTOP-MCLVAPU" ignored="3" name="QAAssessment" tests="1" failures="0" timestamp="16 Apr 2021 03:23:24 GMT" time="97.021" errors="0">
  <testcase name="VerifyTitle" time="93.474" classname="Test.Tests"/>
  <testcase name="VerifyImage" time="0.0" classname="Test.Tests">
    <ignored/>
  </testcase> <!-- VerifyImage -->
  <testcase name="VerifyAuthor" time="0.0" classname="Test.Tests">
    <ignored/>
  </testcase> <!-- VerifyAuthor -->
  <testcase name="VerifyLinks" time="0.0" classname="Test.Tests">
    <ignored/>
  </testcase> <!-- VerifyLinks -->
</testsuite> <!-- QAAssessment -->
