<?xml version="1.0" encoding="UTF-8"?>
<!-- Generated by org.testng.reporters.JUnitXMLReporter -->
<testsuite hostname="DESKTOP-MCLVAPU" ignored="0" name="QAAssessment" tests="4" failures="0" timestamp="16 Apr 2021 03:35:09 GMT" time="236.745" errors="0">
  <testcase name="VerifyAuthor" time="103.96" classname="Test.Tests"/>
  <testcase name="VerifyImage" time="3.01" classname="Test.Tests"/>
  <testcase name="VerifyTitle" time="102.035" classname="Test.Tests"/>
  <testcase name="VerifyLinks" time="24.33" classname="Test.Tests"/>
</testsuite> <!-- QAAssessment -->
